<?xml version="1.0" encoding="UTF-8"?>
<TestRun id="bf3c65d1-b6b1-4df3-8306-cfec22bfdf29" name="gustavobergamo@GUSTAVOBERG580A 2015-04-22 22:38:22" runUser="GUSTAVOBERG580A\gustavobergamo" xmlns="http://microsoft.com/schemas/VisualStudio/TeamTest/2010">
  <TestSettings name="Default Test Settings" id="515c2fdf-63e5-4369-aed2-f63a6c9a2056">
    <Execution>
      <TestTypeSpecific />
      <AgentRule name="Execution Agents">
      </AgentRule>
    </Execution>
    <Deployment runDeploymentRoot="gustavobergamo_GUSTAVOBERG580A 2015-04-22 22_38_22" />
    <Properties />
  </TestSettings>
  <Times creation="2015-04-22T22:38:22.1635000-03:00" queuing="2015-04-22T22:38:22.4755000-03:00" start="2015-04-22T22:38:22.6315000-03:00" finish="2015-04-22T22:38:23.0995000-03:00" />
  <ResultSummary outcome="Completed">
    <Counters total="6" executed="6" passed="6" error="0" failed="0" timeout="0" aborted="0" inconclusive="0" passedButRunAborted="0" notRunnable="0" notExecuted="0" disconnected="0" warning="0" completed="0" inProgress="0" pending="0" />
  </ResultSummary>
  <TestDefinitions>
    <UnitTest name="TimeOfDayMustBeMorningOrNight" storage="gfttest.test/bin/debug/gfttest.test.dll" id="16628bf6-4f47-35d9-4185-c41f488a5589">
      <Execution id="20d275f9-6033-4396-bdb1-f8ab638bb9d6" />
      <TestMethod codeBase="C:/Projects/GFTTest/GFTTest.Test/bin/Debug/GFTTest.Test.DLL" adapterTypeName="Microsoft.VisualStudio.TestTools.TestTypes.Unit.UnitTestAdapter, Microsoft.VisualStudio.QualityTools.Tips.UnitTest.Adapter, Version=12.0.0.0, Culture=neutral, PublicKeyToken=b03f5f7f11d50a3a" className="GFTTest.Test.UnitTest, GFTTest.Test, Version=1.0.0.0, Culture=neutral, PublicKeyToken=null" name="TimeOfDayMustBeMorningOrNight" />
    </UnitTest>
    <UnitTest name="TheDishesMustFollowTheCorrectOrder" storage="gfttest.test/bin/debug/gfttest.test.dll" id="383ebb29-de98-40fc-ecdd-21bc4a65b50e">
      <Execution id="852536ee-e391-498c-87c1-1d36ed1ff2f2" />
      <TestMethod codeBase="C:/Projects/GFTTest/GFTTest.Test/bin/Debug/GFTTest.Test.DLL" adapterTypeName="Microsoft.VisualStudio.TestTools.TestTypes.Unit.UnitTestAdapter, Microsoft.VisualStudio.QualityTools.Tips.UnitTest.Adapter, Version=12.0.0.0, Culture=neutral, PublicKeyToken=b03f5f7f11d50a3a" className="GFTTest.Test.UnitTest, GFTTest.Test, Version=1.0.0.0, Culture=neutral, PublicKeyToken=null" name="TheDishesMustFollowTheCorrectOrder" />
    </UnitTest>
    <UnitTest name="TimeOfDayIsNotCaseSensitive" storage="gfttest.test/bin/debug/gfttest.test.dll" id="36663b77-4d12-0e48-ea10-f210041f563e">
      <Execution id="976e5741-d843-481b-b7f1-f7dea8fbc4dd" />
      <TestMethod codeBase="C:/Projects/GFTTest/GFTTest.Test/bin/Debug/GFTTest.Test.DLL" adapterTypeName="Microsoft.VisualStudio.TestTools.TestTypes.Unit.UnitTestAdapter, Microsoft.VisualStudio.QualityTools.Tips.UnitTest.Adapter, Version=12.0.0.0, Culture=neutral, PublicKeyToken=b03f5f7f11d50a3a" className="GFTTest.Test.UnitTest, GFTTest.Test, Version=1.0.0.0, Culture=neutral, PublicKeyToken=null" name="TimeOfDayIsNotCaseSensitive" />
    </UnitTest>
    <UnitTest name="WhenItsMorningAndOrderMultiplesEggsReturnError" storage="gfttest.test/bin/debug/gfttest.test.dll" id="90a5dc37-cc89-4131-f3f2-800e5f2a0605">
      <Execution id="6ff65099-3a0b-4105-bcb0-f44818ac5964" />
      <TestMethod codeBase="C:/Projects/GFTTest/GFTTest.Test/bin/Debug/GFTTest.Test.DLL" adapterTypeName="Microsoft.VisualStudio.TestTools.TestTypes.Unit.UnitTestAdapter, Microsoft.VisualStudio.QualityTools.Tips.UnitTest.Adapter, Version=12.0.0.0, Culture=neutral, PublicKeyToken=b03f5f7f11d50a3a" className="GFTTest.Test.UnitTest, GFTTest.Test, Version=1.0.0.0, Culture=neutral, PublicKeyToken=null" name="WhenItsMorningAndOrderMultiplesEggsReturnError" />
    </UnitTest>
    <UnitTest name="WhenItsNightAndOrderMultiplesPotatoesReturnSuccess" storage="gfttest.test/bin/debug/gfttest.test.dll" id="28dbcc69-5d90-6b4b-afcf-55106575c4dd">
      <Execution id="41be43e2-a1bf-4a6e-b1df-157bb44ef01e" />
      <TestMethod codeBase="C:/Projects/GFTTest/GFTTest.Test/bin/Debug/GFTTest.Test.DLL" adapterTypeName="Microsoft.VisualStudio.TestTools.TestTypes.Unit.UnitTestAdapter, Microsoft.VisualStudio.QualityTools.Tips.UnitTest.Adapter, Version=12.0.0.0, Culture=neutral, PublicKeyToken=b03f5f7f11d50a3a" className="GFTTest.Test.UnitTest, GFTTest.Test, Version=1.0.0.0, Culture=neutral, PublicKeyToken=null" name="WhenItsNightAndOrderMultiplesPotatoesReturnSuccess" />
    </UnitTest>
    <UnitTest name="WhenItsMorningAndInputDessertReturnError" storage="gfttest.test/bin/debug/gfttest.test.dll" id="01c881de-de5c-5f3c-a6cc-3d8f3e7033de">
      <Execution id="1393243d-ccb5-4696-a151-78cc92b9e39a" />
      <TestMethod codeBase="C:/Projects/GFTTest/GFTTest.Test/bin/Debug/GFTTest.Test.DLL" adapterTypeName="Microsoft.VisualStudio.TestTools.TestTypes.Unit.UnitTestAdapter, Microsoft.VisualStudio.QualityTools.Tips.UnitTest.Adapter, Version=12.0.0.0, Culture=neutral, PublicKeyToken=b03f5f7f11d50a3a" className="GFTTest.Test.UnitTest, GFTTest.Test, Version=1.0.0.0, Culture=neutral, PublicKeyToken=null" name="WhenItsMorningAndInputDessertReturnError" />
    </UnitTest>
  </TestDefinitions>
  <TestLists>
    <TestList name="Results Not in a List" id="8c84fa94-04c1-424b-9868-57a2d4851a1d" />
    <TestList name="All Loaded Results" id="19431567-8539-422a-85d7-44ee4e166bda" />
  </TestLists>
  <TestEntries>
    <TestEntry testId="383ebb29-de98-40fc-ecdd-21bc4a65b50e" executionId="852536ee-e391-498c-87c1-1d36ed1ff2f2" testListId="8c84fa94-04c1-424b-9868-57a2d4851a1d" />
    <TestEntry testId="36663b77-4d12-0e48-ea10-f210041f563e" executionId="976e5741-d843-481b-b7f1-f7dea8fbc4dd" testListId="8c84fa94-04c1-424b-9868-57a2d4851a1d" />
    <TestEntry testId="16628bf6-4f47-35d9-4185-c41f488a5589" executionId="20d275f9-6033-4396-bdb1-f8ab638bb9d6" testListId="8c84fa94-04c1-424b-9868-57a2d4851a1d" />
    <TestEntry testId="01c881de-de5c-5f3c-a6cc-3d8f3e7033de" executionId="1393243d-ccb5-4696-a151-78cc92b9e39a" testListId="8c84fa94-04c1-424b-9868-57a2d4851a1d" />
    <TestEntry testId="90a5dc37-cc89-4131-f3f2-800e5f2a0605" executionId="6ff65099-3a0b-4105-bcb0-f44818ac5964" testListId="8c84fa94-04c1-424b-9868-57a2d4851a1d" />
    <TestEntry testId="28dbcc69-5d90-6b4b-afcf-55106575c4dd" executionId="41be43e2-a1bf-4a6e-b1df-157bb44ef01e" testListId="8c84fa94-04c1-424b-9868-57a2d4851a1d" />
  </TestEntries>
  <Results>
    <UnitTestResult executionId="852536ee-e391-498c-87c1-1d36ed1ff2f2" testId="383ebb29-de98-40fc-ecdd-21bc4a65b50e" testName="TheDishesMustFollowTheCorrectOrder" computerName="GUSTAVOBERG580A" duration="00:00:00.0229112" startTime="2015-04-22T22:38:22.6471000-03:00" endTime="2015-04-22T22:38:22.9903000-03:00" testType="13cdc9d9-ddb5-4fa4-a97d-d965ccfc6d4b" outcome="Passed" testListId="8c84fa94-04c1-424b-9868-57a2d4851a1d" relativeResultsDirectory="852536ee-e391-498c-87c1-1d36ed1ff2f2">
    </UnitTestResult>
    <UnitTestResult executionId="976e5741-d843-481b-b7f1-f7dea8fbc4dd" testId="36663b77-4d12-0e48-ea10-f210041f563e" testName="TimeOfDayIsNotCaseSensitive" computerName="GUSTAVOBERG580A" duration="00:00:00.0129451" startTime="2015-04-22T22:38:22.9903000-03:00" endTime="2015-04-22T22:38:23.0215000-03:00" testType="13cdc9d9-ddb5-4fa4-a97d-d965ccfc6d4b" outcome="Passed" testListId="8c84fa94-04c1-424b-9868-57a2d4851a1d" relativeResultsDirectory="976e5741-d843-481b-b7f1-f7dea8fbc4dd">
    </UnitTestResult>
    <UnitTestResult executionId="20d275f9-6033-4396-bdb1-f8ab638bb9d6" testId="16628bf6-4f47-35d9-4185-c41f488a5589" testName="TimeOfDayMustBeMorningOrNight" computerName="GUSTAVOBERG580A" duration="00:00:00.0002406" startTime="2015-04-22T22:38:23.0215000-03:00" endTime="2015-04-22T22:38:23.0215000-03:00" testType="13cdc9d9-ddb5-4fa4-a97d-d965ccfc6d4b" outcome="Passed" testListId="8c84fa94-04c1-424b-9868-57a2d4851a1d" relativeResultsDirectory="20d275f9-6033-4396-bdb1-f8ab638bb9d6">
    </UnitTestResult>
    <UnitTestResult executionId="1393243d-ccb5-4696-a151-78cc92b9e39a" testId="01c881de-de5c-5f3c-a6cc-3d8f3e7033de" testName="WhenItsMorningAndInputDessertReturnError" computerName="GUSTAVOBERG580A" duration="00:00:00.0002704" startTime="2015-04-22T22:38:23.0215000-03:00" endTime="2015-04-22T22:38:23.0371000-03:00" testType="13cdc9d9-ddb5-4fa4-a97d-d965ccfc6d4b" outcome="Passed" testListId="8c84fa94-04c1-424b-9868-57a2d4851a1d" relativeResultsDirectory="1393243d-ccb5-4696-a151-78cc92b9e39a">
    </UnitTestResult>
    <UnitTestResult executionId="6ff65099-3a0b-4105-bcb0-f44818ac5964" testId="90a5dc37-cc89-4131-f3f2-800e5f2a0605" testName="WhenItsMorningAndOrderMultiplesEggsReturnError" computerName="GUSTAVOBERG580A" duration="00:00:00.0004968" startTime="2015-04-22T22:38:23.0371000-03:00" endTime="2015-04-22T22:38:23.0371000-03:00" testType="13cdc9d9-ddb5-4fa4-a97d-d965ccfc6d4b" outcome="Passed" testListId="8c84fa94-04c1-424b-9868-57a2d4851a1d" relativeResultsDirectory="6ff65099-3a0b-4105-bcb0-f44818ac5964">
    </UnitTestResult>
    <UnitTestResult executionId="41be43e2-a1bf-4a6e-b1df-157bb44ef01e" testId="28dbcc69-5d90-6b4b-afcf-55106575c4dd" testName="WhenItsNightAndOrderMultiplesPotatoesReturnSuccess" computerName="GUSTAVOBERG580A" duration="00:00:00.0004191" startTime="2015-04-22T22:38:23.0371000-03:00" endTime="2015-04-22T22:38:23.0371000-03:00" testType="13cdc9d9-ddb5-4fa4-a97d-d965ccfc6d4b" outcome="Passed" testListId="8c84fa94-04c1-424b-9868-57a2d4851a1d" relativeResultsDirectory="41be43e2-a1bf-4a6e-b1df-157bb44ef01e">
    </UnitTestResult>
  </Results>
</TestRun>