<?xml version="1.0" encoding="UTF-8"?>
<TestRun id="df5f453d-c3dc-41e6-b8f1-ab788ca7c607" name="gustavobergamo@GUSTAVOBERG580A 2015-04-22 22:38:00" runUser="GUSTAVOBERG580A\gustavobergamo" xmlns="http://microsoft.com/schemas/VisualStudio/TeamTest/2010">
  <TestSettings name="Default Test Settings" id="bc143bed-10b6-40f6-b28f-66e75f2e9db4">
    <Execution>
      <TestTypeSpecific />
      <AgentRule name="Execution Agents">
      </AgentRule>
    </Execution>
    <Deployment runDeploymentRoot="gustavobergamo_GUSTAVOBERG580A 2015-04-22 22_38_00" />
    <Properties />
  </TestSettings>
  <Times creation="2015-04-22T22:38:00.4515000-03:00" queuing="2015-04-22T22:38:00.7635000-03:00" start="2015-04-22T22:38:00.9195000-03:00" finish="2015-04-22T22:38:01.4187000-03:00" />
  <ResultSummary outcome="Failed">
    <Counters total="6" executed="6" passed="5" error="0" failed="1" timeout="0" aborted="0" inconclusive="0" passedButRunAborted="0" notRunnable="0" notExecuted="0" disconnected="0" warning="0" completed="0" inProgress="0" pending="0" />
  </ResultSummary>
  <TestDefinitions>
    <UnitTest name="TimeOfDayMustBeMorningOrNight" storage="gfttest.test/bin/debug/gfttest.test.dll" id="16628bf6-4f47-35d9-4185-c41f488a5589">
      <Execution id="e8055b48-d81c-4129-8a0b-f5b7142418ae" />
      <TestMethod codeBase="C:/Projects/GFTTest/GFTTest.Test/bin/Debug/GFTTest.Test.DLL" adapterTypeName="Microsoft.VisualStudio.TestTools.TestTypes.Unit.UnitTestAdapter, Microsoft.VisualStudio.QualityTools.Tips.UnitTest.Adapter, Version=12.0.0.0, Culture=neutral, PublicKeyToken=b03f5f7f11d50a3a" className="GFTTest.Test.UnitTest, GFTTest.Test, Version=1.0.0.0, Culture=neutral, PublicKeyToken=null" name="TimeOfDayMustBeMorningOrNight" />
    </UnitTest>
    <UnitTest name="TheDishesMustFollowTheCorrectOrder" storage="gfttest.test/bin/debug/gfttest.test.dll" id="383ebb29-de98-40fc-ecdd-21bc4a65b50e">
      <Execution id="7bd34415-4b2d-4460-8201-894809beb330" />
      <TestMethod codeBase="C:/Projects/GFTTest/GFTTest.Test/bin/Debug/GFTTest.Test.DLL" adapterTypeName="Microsoft.VisualStudio.TestTools.TestTypes.Unit.UnitTestAdapter, Microsoft.VisualStudio.QualityTools.Tips.UnitTest.Adapter, Version=12.0.0.0, Culture=neutral, PublicKeyToken=b03f5f7f11d50a3a" className="GFTTest.Test.UnitTest, GFTTest.Test, Version=1.0.0.0, Culture=neutral, PublicKeyToken=null" name="TheDishesMustFollowTheCorrectOrder" />
    </UnitTest>
    <UnitTest name="TimeOfDayIsNotCaseSensitive" storage="gfttest.test/bin/debug/gfttest.test.dll" id="36663b77-4d12-0e48-ea10-f210041f563e">
      <Execution id="cf550e47-461a-4f18-b239-1e27c121af9f" />
      <TestMethod codeBase="C:/Projects/GFTTest/GFTTest.Test/bin/Debug/GFTTest.Test.DLL" adapterTypeName="Microsoft.VisualStudio.TestTools.TestTypes.Unit.UnitTestAdapter, Microsoft.VisualStudio.QualityTools.Tips.UnitTest.Adapter, Version=12.0.0.0, Culture=neutral, PublicKeyToken=b03f5f7f11d50a3a" className="GFTTest.Test.UnitTest, GFTTest.Test, Version=1.0.0.0, Culture=neutral, PublicKeyToken=null" name="TimeOfDayIsNotCaseSensitive" />
    </UnitTest>
    <UnitTest name="WhenItsMorningAndOrderMultiplesEggsReturnError" storage="gfttest.test/bin/debug/gfttest.test.dll" id="90a5dc37-cc89-4131-f3f2-800e5f2a0605">
      <Execution id="dbf3cf33-d6d0-4e7f-9788-f9826cb3ed71" />
      <TestMethod codeBase="C:/Projects/GFTTest/GFTTest.Test/bin/Debug/GFTTest.Test.DLL" adapterTypeName="Microsoft.VisualStudio.TestTools.TestTypes.Unit.UnitTestAdapter, Microsoft.VisualStudio.QualityTools.Tips.UnitTest.Adapter, Version=12.0.0.0, Culture=neutral, PublicKeyToken=b03f5f7f11d50a3a" className="GFTTest.Test.UnitTest, GFTTest.Test, Version=1.0.0.0, Culture=neutral, PublicKeyToken=null" name="WhenItsMorningAndOrderMultiplesEggsReturnError" />
    </UnitTest>
    <UnitTest name="WhenItsNightAndOrderMultiplesPotatoesReturnSuccess" storage="gfttest.test/bin/debug/gfttest.test.dll" id="28dbcc69-5d90-6b4b-afcf-55106575c4dd">
      <Execution id="dcc17477-12ae-4dab-9a81-717f90f74869" />
      <TestMethod codeBase="C:/Projects/GFTTest/GFTTest.Test/bin/Debug/GFTTest.Test.DLL" adapterTypeName="Microsoft.VisualStudio.TestTools.TestTypes.Unit.UnitTestAdapter, Microsoft.VisualStudio.QualityTools.Tips.UnitTest.Adapter, Version=12.0.0.0, Culture=neutral, PublicKeyToken=b03f5f7f11d50a3a" className="GFTTest.Test.UnitTest, GFTTest.Test, Version=1.0.0.0, Culture=neutral, PublicKeyToken=null" name="WhenItsNightAndOrderMultiplesPotatoesReturnSuccess" />
    </UnitTest>
    <UnitTest name="WhenItsMorningAndInputDessertReturnError" storage="gfttest.test/bin/debug/gfttest.test.dll" id="01c881de-de5c-5f3c-a6cc-3d8f3e7033de">
      <Execution id="1ec4584a-cf0a-4840-8c05-eeaa4aae0709" />
      <TestMethod codeBase="C:/Projects/GFTTest/GFTTest.Test/bin/Debug/GFTTest.Test.DLL" adapterTypeName="Microsoft.VisualStudio.TestTools.TestTypes.Unit.UnitTestAdapter, Microsoft.VisualStudio.QualityTools.Tips.UnitTest.Adapter, Version=12.0.0.0, Culture=neutral, PublicKeyToken=b03f5f7f11d50a3a" className="GFTTest.Test.UnitTest, GFTTest.Test, Version=1.0.0.0, Culture=neutral, PublicKeyToken=null" name="WhenItsMorningAndInputDessertReturnError" />
    </UnitTest>
  </TestDefinitions>
  <TestLists>
    <TestList name="Results Not in a List" id="8c84fa94-04c1-424b-9868-57a2d4851a1d" />
    <TestList name="All Loaded Results" id="19431567-8539-422a-85d7-44ee4e166bda" />
  </TestLists>
  <TestEntries>
    <TestEntry testId="383ebb29-de98-40fc-ecdd-21bc4a65b50e" executionId="7bd34415-4b2d-4460-8201-894809beb330" testListId="8c84fa94-04c1-424b-9868-57a2d4851a1d" />
    <TestEntry testId="36663b77-4d12-0e48-ea10-f210041f563e" executionId="cf550e47-461a-4f18-b239-1e27c121af9f" testListId="8c84fa94-04c1-424b-9868-57a2d4851a1d" />
    <TestEntry testId="16628bf6-4f47-35d9-4185-c41f488a5589" executionId="e8055b48-d81c-4129-8a0b-f5b7142418ae" testListId="8c84fa94-04c1-424b-9868-57a2d4851a1d" />
    <TestEntry testId="01c881de-de5c-5f3c-a6cc-3d8f3e7033de" executionId="1ec4584a-cf0a-4840-8c05-eeaa4aae0709" testListId="8c84fa94-04c1-424b-9868-57a2d4851a1d" />
    <TestEntry testId="90a5dc37-cc89-4131-f3f2-800e5f2a0605" executionId="dbf3cf33-d6d0-4e7f-9788-f9826cb3ed71" testListId="8c84fa94-04c1-424b-9868-57a2d4851a1d" />
    <TestEntry testId="28dbcc69-5d90-6b4b-afcf-55106575c4dd" executionId="dcc17477-12ae-4dab-9a81-717f90f74869" testListId="8c84fa94-04c1-424b-9868-57a2d4851a1d" />
  </TestEntries>
  <Results>
    <UnitTestResult executionId="7bd34415-4b2d-4460-8201-894809beb330" testId="383ebb29-de98-40fc-ecdd-21bc4a65b50e" testName="TheDishesMustFollowTheCorrectOrder" computerName="GUSTAVOBERG580A" duration="00:00:00.0773398" startTime="2015-04-22T22:38:00.9351000-03:00" endTime="2015-04-22T22:38:01.3251000-03:00" testType="13cdc9d9-ddb5-4fa4-a97d-d965ccfc6d4b" outcome="Failed" testListId="8c84fa94-04c1-424b-9868-57a2d4851a1d" relativeResultsDirectory="7bd34415-4b2d-4460-8201-894809beb330">
      <Output>
        <ErrorInfo>
          <Message>Test method GFTTest.Test.UnitTest.TheDishesMustFollowTheCorrectOrder threw exception: 
System.Exception: It's not allowed to order duplicated eggs</Message>
          <StackTrace>    at GFTTest.Business.DishBLL.CheckDuplicated(TimeOfDay timeOfDay, List`1 dishesInputed) in c:\Projects\GFTTest\GFTTest.Business\DishBLL.cs:line 90
   at GFTTest.Test.UnitTest.TheDishesMustFollowTheCorrectOrder() in c:\Projects\GFTTest\GFTTest.Test\UnitTest.cs:line 81
</StackTrace>
        </ErrorInfo>
      </Output>
    </UnitTestResult>
    <UnitTestResult executionId="cf550e47-461a-4f18-b239-1e27c121af9f" testId="36663b77-4d12-0e48-ea10-f210041f563e" testName="TimeOfDayIsNotCaseSensitive" computerName="GUSTAVOBERG580A" duration="00:00:00.0024666" startTime="2015-04-22T22:38:01.3251000-03:00" endTime="2015-04-22T22:38:01.3251000-03:00" testType="13cdc9d9-ddb5-4fa4-a97d-d965ccfc6d4b" outcome="Passed" testListId="8c84fa94-04c1-424b-9868-57a2d4851a1d" relativeResultsDirectory="cf550e47-461a-4f18-b239-1e27c121af9f">
    </UnitTestResult>
    <UnitTestResult executionId="e8055b48-d81c-4129-8a0b-f5b7142418ae" testId="16628bf6-4f47-35d9-4185-c41f488a5589" testName="TimeOfDayMustBeMorningOrNight" computerName="GUSTAVOBERG580A" duration="00:00:00.0009060" startTime="2015-04-22T22:38:01.3407000-03:00" endTime="2015-04-22T22:38:01.3407000-03:00" testType="13cdc9d9-ddb5-4fa4-a97d-d965ccfc6d4b" outcome="Passed" testListId="8c84fa94-04c1-424b-9868-57a2d4851a1d" relativeResultsDirectory="e8055b48-d81c-4129-8a0b-f5b7142418ae">
    </UnitTestResult>
    <UnitTestResult executionId="1ec4584a-cf0a-4840-8c05-eeaa4aae0709" testId="01c881de-de5c-5f3c-a6cc-3d8f3e7033de" testName="WhenItsMorningAndInputDessertReturnError" computerName="GUSTAVOBERG580A" duration="00:00:00.0030882" startTime="2015-04-22T22:38:01.3563000-03:00" endTime="2015-04-22T22:38:01.3563000-03:00" testType="13cdc9d9-ddb5-4fa4-a97d-d965ccfc6d4b" outcome="Passed" testListId="8c84fa94-04c1-424b-9868-57a2d4851a1d" relativeResultsDirectory="1ec4584a-cf0a-4840-8c05-eeaa4aae0709">
    </UnitTestResult>
    <UnitTestResult executionId="dbf3cf33-d6d0-4e7f-9788-f9826cb3ed71" testId="90a5dc37-cc89-4131-f3f2-800e5f2a0605" testName="WhenItsMorningAndOrderMultiplesEggsReturnError" computerName="GUSTAVOBERG580A" duration="00:00:00.0006572" startTime="2015-04-22T22:38:01.3563000-03:00" endTime="2015-04-22T22:38:01.3719000-03:00" testType="13cdc9d9-ddb5-4fa4-a97d-d965ccfc6d4b" outcome="Passed" testListId="8c84fa94-04c1-424b-9868-57a2d4851a1d" relativeResultsDirectory="dbf3cf33-d6d0-4e7f-9788-f9826cb3ed71">
    </UnitTestResult>
    <UnitTestResult executionId="dcc17477-12ae-4dab-9a81-717f90f74869" testId="28dbcc69-5d90-6b4b-afcf-55106575c4dd" testName="WhenItsNightAndOrderMultiplesPotatoesReturnSuccess" computerName="GUSTAVOBERG580A" duration="00:00:00.0005126" startTime="2015-04-22T22:38:01.3719000-03:00" endTime="2015-04-22T22:38:01.3719000-03:00" testType="13cdc9d9-ddb5-4fa4-a97d-d965ccfc6d4b" outcome="Passed" testListId="8c84fa94-04c1-424b-9868-57a2d4851a1d" relativeResultsDirectory="dcc17477-12ae-4dab-9a81-717f90f74869">
    </UnitTestResult>
  </Results>
</TestRun>