<?xml version="1.0" encoding="UTF-8"?>
<TestRun id="97bdce73-29b6-4394-a743-db36e36ad3a4" name="gustavobergamo@GUSTAVOBERG580A 2015-04-22 22:40:49" runUser="GUSTAVOBERG580A\gustavobergamo" xmlns="http://microsoft.com/schemas/VisualStudio/TeamTest/2010">
  <TestSettings name="Default Test Settings" id="9a981ba4-2bb1-472b-a2f7-a35c02e80394">
    <Execution>
      <TestTypeSpecific />
      <AgentRule name="Execution Agents">
      </AgentRule>
    </Execution>
    <Deployment runDeploymentRoot="gustavobergamo_GUSTAVOBERG580A 2015-04-22 22_40_49" />
    <Properties />
  </TestSettings>
  <Times creation="2015-04-22T22:40:49.6623000-03:00" queuing="2015-04-22T22:40:49.9743000-03:00" start="2015-04-22T22:40:50.1147000-03:00" finish="2015-04-22T22:40:50.5671000-03:00" />
  <ResultSummary outcome="Completed">
    <Counters total="6" executed="6" passed="6" error="0" failed="0" timeout="0" aborted="0" inconclusive="0" passedButRunAborted="0" notRunnable="0" notExecuted="0" disconnected="0" warning="0" completed="0" inProgress="0" pending="0" />
  </ResultSummary>
  <TestDefinitions>
    <UnitTest name="TimeOfDayMustBeMorningOrNight" storage="gfttest.test/bin/debug/gfttest.test.dll" id="16628bf6-4f47-35d9-4185-c41f488a5589">
      <Execution id="7bf63519-9a0f-4997-b52f-5ac726a4faed" />
      <TestMethod codeBase="C:/Projects/GFTTest/GFTTest.Test/bin/Debug/GFTTest.Test.DLL" adapterTypeName="Microsoft.VisualStudio.TestTools.TestTypes.Unit.UnitTestAdapter, Microsoft.VisualStudio.QualityTools.Tips.UnitTest.Adapter, Version=12.0.0.0, Culture=neutral, PublicKeyToken=b03f5f7f11d50a3a" className="GFTTest.Test.UnitTest, GFTTest.Test, Version=1.0.0.0, Culture=neutral, PublicKeyToken=null" name="TimeOfDayMustBeMorningOrNight" />
    </UnitTest>
    <UnitTest name="TheDishesMustFollowTheCorrectOrder" storage="gfttest.test/bin/debug/gfttest.test.dll" id="383ebb29-de98-40fc-ecdd-21bc4a65b50e">
      <Execution id="4b4862ec-f330-46a6-b0e8-654b55e0de1d" />
      <TestMethod codeBase="C:/Projects/GFTTest/GFTTest.Test/bin/Debug/GFTTest.Test.DLL" adapterTypeName="Microsoft.VisualStudio.TestTools.TestTypes.Unit.UnitTestAdapter, Microsoft.VisualStudio.QualityTools.Tips.UnitTest.Adapter, Version=12.0.0.0, Culture=neutral, PublicKeyToken=b03f5f7f11d50a3a" className="GFTTest.Test.UnitTest, GFTTest.Test, Version=1.0.0.0, Culture=neutral, PublicKeyToken=null" name="TheDishesMustFollowTheCorrectOrder" />
    </UnitTest>
    <UnitTest name="TimeOfDayIsNotCaseSensitive" storage="gfttest.test/bin/debug/gfttest.test.dll" id="36663b77-4d12-0e48-ea10-f210041f563e">
      <Execution id="39ec215c-a43a-46ce-a849-41c96b37be3c" />
      <TestMethod codeBase="C:/Projects/GFTTest/GFTTest.Test/bin/Debug/GFTTest.Test.DLL" adapterTypeName="Microsoft.VisualStudio.TestTools.TestTypes.Unit.UnitTestAdapter, Microsoft.VisualStudio.QualityTools.Tips.UnitTest.Adapter, Version=12.0.0.0, Culture=neutral, PublicKeyToken=b03f5f7f11d50a3a" className="GFTTest.Test.UnitTest, GFTTest.Test, Version=1.0.0.0, Culture=neutral, PublicKeyToken=null" name="TimeOfDayIsNotCaseSensitive" />
    </UnitTest>
    <UnitTest name="WhenItsMorningAndOrderMultiplesEggsReturnError" storage="gfttest.test/bin/debug/gfttest.test.dll" id="90a5dc37-cc89-4131-f3f2-800e5f2a0605">
      <Execution id="43bb8e21-7130-44ae-a7bc-6bc51763d3d7" />
      <TestMethod codeBase="C:/Projects/GFTTest/GFTTest.Test/bin/Debug/GFTTest.Test.DLL" adapterTypeName="Microsoft.VisualStudio.TestTools.TestTypes.Unit.UnitTestAdapter, Microsoft.VisualStudio.QualityTools.Tips.UnitTest.Adapter, Version=12.0.0.0, Culture=neutral, PublicKeyToken=b03f5f7f11d50a3a" className="GFTTest.Test.UnitTest, GFTTest.Test, Version=1.0.0.0, Culture=neutral, PublicKeyToken=null" name="WhenItsMorningAndOrderMultiplesEggsReturnError" />
    </UnitTest>
    <UnitTest name="WhenItsNightAndOrderMultiplesPotatoesReturnSuccess" storage="gfttest.test/bin/debug/gfttest.test.dll" id="28dbcc69-5d90-6b4b-afcf-55106575c4dd">
      <Execution id="d48638d7-d896-44d3-90be-58cf66ad5b57" />
      <TestMethod codeBase="C:/Projects/GFTTest/GFTTest.Test/bin/Debug/GFTTest.Test.DLL" adapterTypeName="Microsoft.VisualStudio.TestTools.TestTypes.Unit.UnitTestAdapter, Microsoft.VisualStudio.QualityTools.Tips.UnitTest.Adapter, Version=12.0.0.0, Culture=neutral, PublicKeyToken=b03f5f7f11d50a3a" className="GFTTest.Test.UnitTest, GFTTest.Test, Version=1.0.0.0, Culture=neutral, PublicKeyToken=null" name="WhenItsNightAndOrderMultiplesPotatoesReturnSuccess" />
    </UnitTest>
    <UnitTest name="WhenItsMorningAndInputDessertReturnError" storage="gfttest.test/bin/debug/gfttest.test.dll" id="01c881de-de5c-5f3c-a6cc-3d8f3e7033de">
      <Execution id="e77f803b-7fcc-4a63-91c7-68fc6ee16e03" />
      <TestMethod codeBase="C:/Projects/GFTTest/GFTTest.Test/bin/Debug/GFTTest.Test.DLL" adapterTypeName="Microsoft.VisualStudio.TestTools.TestTypes.Unit.UnitTestAdapter, Microsoft.VisualStudio.QualityTools.Tips.UnitTest.Adapter, Version=12.0.0.0, Culture=neutral, PublicKeyToken=b03f5f7f11d50a3a" className="GFTTest.Test.UnitTest, GFTTest.Test, Version=1.0.0.0, Culture=neutral, PublicKeyToken=null" name="WhenItsMorningAndInputDessertReturnError" />
    </UnitTest>
  </TestDefinitions>
  <TestLists>
    <TestList name="Results Not in a List" id="8c84fa94-04c1-424b-9868-57a2d4851a1d" />
    <TestList name="All Loaded Results" id="19431567-8539-422a-85d7-44ee4e166bda" />
  </TestLists>
  <TestEntries>
    <TestEntry testId="383ebb29-de98-40fc-ecdd-21bc4a65b50e" executionId="4b4862ec-f330-46a6-b0e8-654b55e0de1d" testListId="8c84fa94-04c1-424b-9868-57a2d4851a1d" />
    <TestEntry testId="36663b77-4d12-0e48-ea10-f210041f563e" executionId="39ec215c-a43a-46ce-a849-41c96b37be3c" testListId="8c84fa94-04c1-424b-9868-57a2d4851a1d" />
    <TestEntry testId="16628bf6-4f47-35d9-4185-c41f488a5589" executionId="7bf63519-9a0f-4997-b52f-5ac726a4faed" testListId="8c84fa94-04c1-424b-9868-57a2d4851a1d" />
    <TestEntry testId="01c881de-de5c-5f3c-a6cc-3d8f3e7033de" executionId="e77f803b-7fcc-4a63-91c7-68fc6ee16e03" testListId="8c84fa94-04c1-424b-9868-57a2d4851a1d" />
    <TestEntry testId="90a5dc37-cc89-4131-f3f2-800e5f2a0605" executionId="43bb8e21-7130-44ae-a7bc-6bc51763d3d7" testListId="8c84fa94-04c1-424b-9868-57a2d4851a1d" />
    <TestEntry testId="28dbcc69-5d90-6b4b-afcf-55106575c4dd" executionId="d48638d7-d896-44d3-90be-58cf66ad5b57" testListId="8c84fa94-04c1-424b-9868-57a2d4851a1d" />
  </TestEntries>
  <Results>
    <UnitTestResult executionId="4b4862ec-f330-46a6-b0e8-654b55e0de1d" testId="383ebb29-de98-40fc-ecdd-21bc4a65b50e" testName="TheDishesMustFollowTheCorrectOrder" computerName="GUSTAVOBERG580A" duration="00:00:00.0222402" startTime="2015-04-22T22:40:50.1303000-03:00" endTime="2015-04-22T22:40:50.4579000-03:00" testType="13cdc9d9-ddb5-4fa4-a97d-d965ccfc6d4b" outcome="Passed" testListId="8c84fa94-04c1-424b-9868-57a2d4851a1d" relativeResultsDirectory="4b4862ec-f330-46a6-b0e8-654b55e0de1d">
    </UnitTestResult>
    <UnitTestResult executionId="39ec215c-a43a-46ce-a849-41c96b37be3c" testId="36663b77-4d12-0e48-ea10-f210041f563e" testName="TimeOfDayIsNotCaseSensitive" computerName="GUSTAVOBERG580A" duration="00:00:00.0064990" startTime="2015-04-22T22:40:50.4579000-03:00" endTime="2015-04-22T22:40:50.4735000-03:00" testType="13cdc9d9-ddb5-4fa4-a97d-d965ccfc6d4b" outcome="Passed" testListId="8c84fa94-04c1-424b-9868-57a2d4851a1d" relativeResultsDirectory="39ec215c-a43a-46ce-a849-41c96b37be3c">
    </UnitTestResult>
    <UnitTestResult executionId="7bf63519-9a0f-4997-b52f-5ac726a4faed" testId="16628bf6-4f47-35d9-4185-c41f488a5589" testName="TimeOfDayMustBeMorningOrNight" computerName="GUSTAVOBERG580A" duration="00:00:00.0061343" startTime="2015-04-22T22:40:50.4735000-03:00" endTime="2015-04-22T22:40:50.5047000-03:00" testType="13cdc9d9-ddb5-4fa4-a97d-d965ccfc6d4b" outcome="Passed" testListId="8c84fa94-04c1-424b-9868-57a2d4851a1d" relativeResultsDirectory="7bf63519-9a0f-4997-b52f-5ac726a4faed">
    </UnitTestResult>
    <UnitTestResult executionId="e77f803b-7fcc-4a63-91c7-68fc6ee16e03" testId="01c881de-de5c-5f3c-a6cc-3d8f3e7033de" testName="WhenItsMorningAndInputDessertReturnError" computerName="GUSTAVOBERG580A" duration="00:00:00.0002256" startTime="2015-04-22T22:40:50.5047000-03:00" endTime="2015-04-22T22:40:50.5047000-03:00" testType="13cdc9d9-ddb5-4fa4-a97d-d965ccfc6d4b" outcome="Passed" testListId="8c84fa94-04c1-424b-9868-57a2d4851a1d" relativeResultsDirectory="e77f803b-7fcc-4a63-91c7-68fc6ee16e03">
    </UnitTestResult>
    <UnitTestResult executionId="43bb8e21-7130-44ae-a7bc-6bc51763d3d7" testId="90a5dc37-cc89-4131-f3f2-800e5f2a0605" testName="WhenItsMorningAndOrderMultiplesEggsReturnError" computerName="GUSTAVOBERG580A" duration="00:00:00.0004452" startTime="2015-04-22T22:40:50.5047000-03:00" endTime="2015-04-22T22:40:50.5047000-03:00" testType="13cdc9d9-ddb5-4fa4-a97d-d965ccfc6d4b" outcome="Passed" testListId="8c84fa94-04c1-424b-9868-57a2d4851a1d" relativeResultsDirectory="43bb8e21-7130-44ae-a7bc-6bc51763d3d7">
    </UnitTestResult>
    <UnitTestResult executionId="d48638d7-d896-44d3-90be-58cf66ad5b57" testId="28dbcc69-5d90-6b4b-afcf-55106575c4dd" testName="WhenItsNightAndOrderMultiplesPotatoesReturnSuccess" computerName="GUSTAVOBERG580A" duration="00:00:00.0004616" startTime="2015-04-22T22:40:50.5047000-03:00" endTime="2015-04-22T22:40:50.5203000-03:00" testType="13cdc9d9-ddb5-4fa4-a97d-d965ccfc6d4b" outcome="Passed" testListId="8c84fa94-04c1-424b-9868-57a2d4851a1d" relativeResultsDirectory="d48638d7-d896-44d3-90be-58cf66ad5b57">
    </UnitTestResult>
  </Results>
</TestRun>