<?xml version="1.0" encoding="UTF-8"?>
<TestRun id="49f8ad08-9a7b-475c-b57b-f984ac85c32b" name="gustavobergamo@GUSTAVOBERG580A 2015-04-22 22:54:28" runUser="GUSTAVOBERG580A\gustavobergamo" xmlns="http://microsoft.com/schemas/VisualStudio/TeamTest/2010">
  <TestSettings name="Default Test Settings" id="73453aa6-dfb8-4b7e-b476-2c2e92f923f0">
    <Execution>
      <TestTypeSpecific />
      <AgentRule name="Execution Agents">
      </AgentRule>
    </Execution>
    <Deployment runDeploymentRoot="gustavobergamo_GUSTAVOBERG580A 2015-04-22 22_54_28" />
    <Properties />
  </TestSettings>
  <Times creation="2015-04-22T22:54:28.2509000-03:00" queuing="2015-04-22T22:54:28.5785000-03:00" start="2015-04-22T22:54:28.7189000-03:00" finish="2015-04-22T22:54:29.1713000-03:00" />
  <ResultSummary outcome="Completed">
    <Counters total="6" executed="6" passed="6" error="0" failed="0" timeout="0" aborted="0" inconclusive="0" passedButRunAborted="0" notRunnable="0" notExecuted="0" disconnected="0" warning="0" completed="0" inProgress="0" pending="0" />
  </ResultSummary>
  <TestDefinitions>
    <UnitTest name="TimeOfDayMustBeMorningOrNight" storage="gfttest.test/bin/debug/gfttest.test.dll" id="16628bf6-4f47-35d9-4185-c41f488a5589">
      <Execution id="6621006d-21d9-4a4c-8551-3441071f00f8" />
      <TestMethod codeBase="C:/Projects/GFTTest/GFTTest.Test/bin/Debug/GFTTest.Test.DLL" adapterTypeName="Microsoft.VisualStudio.TestTools.TestTypes.Unit.UnitTestAdapter, Microsoft.VisualStudio.QualityTools.Tips.UnitTest.Adapter, Version=12.0.0.0, Culture=neutral, PublicKeyToken=b03f5f7f11d50a3a" className="GFTTest.Test.UnitTest, GFTTest.Test, Version=1.0.0.0, Culture=neutral, PublicKeyToken=null" name="TimeOfDayMustBeMorningOrNight" />
    </UnitTest>
    <UnitTest name="TheDishesMustFollowTheCorrectOrder" storage="gfttest.test/bin/debug/gfttest.test.dll" id="383ebb29-de98-40fc-ecdd-21bc4a65b50e">
      <Execution id="3e47959b-0e65-4e21-97ef-8c43728e7e8f" />
      <TestMethod codeBase="C:/Projects/GFTTest/GFTTest.Test/bin/Debug/GFTTest.Test.DLL" adapterTypeName="Microsoft.VisualStudio.TestTools.TestTypes.Unit.UnitTestAdapter, Microsoft.VisualStudio.QualityTools.Tips.UnitTest.Adapter, Version=12.0.0.0, Culture=neutral, PublicKeyToken=b03f5f7f11d50a3a" className="GFTTest.Test.UnitTest, GFTTest.Test, Version=1.0.0.0, Culture=neutral, PublicKeyToken=null" name="TheDishesMustFollowTheCorrectOrder" />
    </UnitTest>
    <UnitTest name="TimeOfDayIsNotCaseSensitive" storage="gfttest.test/bin/debug/gfttest.test.dll" id="36663b77-4d12-0e48-ea10-f210041f563e">
      <Execution id="17bd245c-724a-4401-a8de-bf1339314eca" />
      <TestMethod codeBase="C:/Projects/GFTTest/GFTTest.Test/bin/Debug/GFTTest.Test.DLL" adapterTypeName="Microsoft.VisualStudio.TestTools.TestTypes.Unit.UnitTestAdapter, Microsoft.VisualStudio.QualityTools.Tips.UnitTest.Adapter, Version=12.0.0.0, Culture=neutral, PublicKeyToken=b03f5f7f11d50a3a" className="GFTTest.Test.UnitTest, GFTTest.Test, Version=1.0.0.0, Culture=neutral, PublicKeyToken=null" name="TimeOfDayIsNotCaseSensitive" />
    </UnitTest>
    <UnitTest name="WhenItsMorningAndOrderMultiplesEggsReturnError" storage="gfttest.test/bin/debug/gfttest.test.dll" id="90a5dc37-cc89-4131-f3f2-800e5f2a0605">
      <Execution id="cdc5502d-04bd-4e9e-b384-eea65b1e8620" />
      <TestMethod codeBase="C:/Projects/GFTTest/GFTTest.Test/bin/Debug/GFTTest.Test.DLL" adapterTypeName="Microsoft.VisualStudio.TestTools.TestTypes.Unit.UnitTestAdapter, Microsoft.VisualStudio.QualityTools.Tips.UnitTest.Adapter, Version=12.0.0.0, Culture=neutral, PublicKeyToken=b03f5f7f11d50a3a" className="GFTTest.Test.UnitTest, GFTTest.Test, Version=1.0.0.0, Culture=neutral, PublicKeyToken=null" name="WhenItsMorningAndOrderMultiplesEggsReturnError" />
    </UnitTest>
    <UnitTest name="WhenItsNightAndOrderMultiplesPotatoesReturnSuccess" storage="gfttest.test/bin/debug/gfttest.test.dll" id="28dbcc69-5d90-6b4b-afcf-55106575c4dd">
      <Execution id="c72e04a5-49df-4040-ab8b-130c44ece303" />
      <TestMethod codeBase="C:/Projects/GFTTest/GFTTest.Test/bin/Debug/GFTTest.Test.DLL" adapterTypeName="Microsoft.VisualStudio.TestTools.TestTypes.Unit.UnitTestAdapter, Microsoft.VisualStudio.QualityTools.Tips.UnitTest.Adapter, Version=12.0.0.0, Culture=neutral, PublicKeyToken=b03f5f7f11d50a3a" className="GFTTest.Test.UnitTest, GFTTest.Test, Version=1.0.0.0, Culture=neutral, PublicKeyToken=null" name="WhenItsNightAndOrderMultiplesPotatoesReturnSuccess" />
    </UnitTest>
    <UnitTest name="WhenItsMorningAndInputDessertReturnError" storage="gfttest.test/bin/debug/gfttest.test.dll" id="01c881de-de5c-5f3c-a6cc-3d8f3e7033de">
      <Execution id="e2a4815b-0c2d-4148-9bdc-075d45e65b86" />
      <TestMethod codeBase="C:/Projects/GFTTest/GFTTest.Test/bin/Debug/GFTTest.Test.DLL" adapterTypeName="Microsoft.VisualStudio.TestTools.TestTypes.Unit.UnitTestAdapter, Microsoft.VisualStudio.QualityTools.Tips.UnitTest.Adapter, Version=12.0.0.0, Culture=neutral, PublicKeyToken=b03f5f7f11d50a3a" className="GFTTest.Test.UnitTest, GFTTest.Test, Version=1.0.0.0, Culture=neutral, PublicKeyToken=null" name="WhenItsMorningAndInputDessertReturnError" />
    </UnitTest>
  </TestDefinitions>
  <TestLists>
    <TestList name="Results Not in a List" id="8c84fa94-04c1-424b-9868-57a2d4851a1d" />
    <TestList name="All Loaded Results" id="19431567-8539-422a-85d7-44ee4e166bda" />
  </TestLists>
  <TestEntries>
    <TestEntry testId="383ebb29-de98-40fc-ecdd-21bc4a65b50e" executionId="3e47959b-0e65-4e21-97ef-8c43728e7e8f" testListId="8c84fa94-04c1-424b-9868-57a2d4851a1d" />
    <TestEntry testId="36663b77-4d12-0e48-ea10-f210041f563e" executionId="17bd245c-724a-4401-a8de-bf1339314eca" testListId="8c84fa94-04c1-424b-9868-57a2d4851a1d" />
    <TestEntry testId="16628bf6-4f47-35d9-4185-c41f488a5589" executionId="6621006d-21d9-4a4c-8551-3441071f00f8" testListId="8c84fa94-04c1-424b-9868-57a2d4851a1d" />
    <TestEntry testId="01c881de-de5c-5f3c-a6cc-3d8f3e7033de" executionId="e2a4815b-0c2d-4148-9bdc-075d45e65b86" testListId="8c84fa94-04c1-424b-9868-57a2d4851a1d" />
    <TestEntry testId="90a5dc37-cc89-4131-f3f2-800e5f2a0605" executionId="cdc5502d-04bd-4e9e-b384-eea65b1e8620" testListId="8c84fa94-04c1-424b-9868-57a2d4851a1d" />
    <TestEntry testId="28dbcc69-5d90-6b4b-afcf-55106575c4dd" executionId="c72e04a5-49df-4040-ab8b-130c44ece303" testListId="8c84fa94-04c1-424b-9868-57a2d4851a1d" />
  </TestEntries>
  <Results>
    <UnitTestResult executionId="3e47959b-0e65-4e21-97ef-8c43728e7e8f" testId="383ebb29-de98-40fc-ecdd-21bc4a65b50e" testName="TheDishesMustFollowTheCorrectOrder" computerName="GUSTAVOBERG580A" duration="00:00:00.0231458" startTime="2015-04-22T22:54:28.7501000-03:00" endTime="2015-04-22T22:54:29.0777000-03:00" testType="13cdc9d9-ddb5-4fa4-a97d-d965ccfc6d4b" outcome="Passed" testListId="8c84fa94-04c1-424b-9868-57a2d4851a1d" relativeResultsDirectory="3e47959b-0e65-4e21-97ef-8c43728e7e8f">
    </UnitTestResult>
    <UnitTestResult executionId="17bd245c-724a-4401-a8de-bf1339314eca" testId="36663b77-4d12-0e48-ea10-f210041f563e" testName="TimeOfDayIsNotCaseSensitive" computerName="GUSTAVOBERG580A" duration="00:00:00.0058797" startTime="2015-04-22T22:54:29.0777000-03:00" endTime="2015-04-22T22:54:29.0933000-03:00" testType="13cdc9d9-ddb5-4fa4-a97d-d965ccfc6d4b" outcome="Passed" testListId="8c84fa94-04c1-424b-9868-57a2d4851a1d" relativeResultsDirectory="17bd245c-724a-4401-a8de-bf1339314eca">
    </UnitTestResult>
    <UnitTestResult executionId="6621006d-21d9-4a4c-8551-3441071f00f8" testId="16628bf6-4f47-35d9-4185-c41f488a5589" testName="TimeOfDayMustBeMorningOrNight" computerName="GUSTAVOBERG580A" duration="00:00:00.0009414" startTime="2015-04-22T22:54:29.0933000-03:00" endTime="2015-04-22T22:54:29.0933000-03:00" testType="13cdc9d9-ddb5-4fa4-a97d-d965ccfc6d4b" outcome="Passed" testListId="8c84fa94-04c1-424b-9868-57a2d4851a1d" relativeResultsDirectory="6621006d-21d9-4a4c-8551-3441071f00f8">
    </UnitTestResult>
    <UnitTestResult executionId="e2a4815b-0c2d-4148-9bdc-075d45e65b86" testId="01c881de-de5c-5f3c-a6cc-3d8f3e7033de" testName="WhenItsMorningAndInputDessertReturnError" computerName="GUSTAVOBERG580A" duration="00:00:00.0002490" startTime="2015-04-22T22:54:29.1089000-03:00" endTime="2015-04-22T22:54:29.1089000-03:00" testType="13cdc9d9-ddb5-4fa4-a97d-d965ccfc6d4b" outcome="Passed" testListId="8c84fa94-04c1-424b-9868-57a2d4851a1d" relativeResultsDirectory="e2a4815b-0c2d-4148-9bdc-075d45e65b86">
    </UnitTestResult>
    <UnitTestResult executionId="cdc5502d-04bd-4e9e-b384-eea65b1e8620" testId="90a5dc37-cc89-4131-f3f2-800e5f2a0605" testName="WhenItsMorningAndOrderMultiplesEggsReturnError" computerName="GUSTAVOBERG580A" duration="00:00:00.0006831" startTime="2015-04-22T22:54:29.1089000-03:00" endTime="2015-04-22T22:54:29.1245000-03:00" testType="13cdc9d9-ddb5-4fa4-a97d-d965ccfc6d4b" outcome="Passed" testListId="8c84fa94-04c1-424b-9868-57a2d4851a1d" relativeResultsDirectory="cdc5502d-04bd-4e9e-b384-eea65b1e8620">
    </UnitTestResult>
    <UnitTestResult executionId="c72e04a5-49df-4040-ab8b-130c44ece303" testId="28dbcc69-5d90-6b4b-afcf-55106575c4dd" testName="WhenItsNightAndOrderMultiplesPotatoesReturnSuccess" computerName="GUSTAVOBERG580A" duration="00:00:00.0004002" startTime="2015-04-22T22:54:29.1245000-03:00" endTime="2015-04-22T22:54:29.1245000-03:00" testType="13cdc9d9-ddb5-4fa4-a97d-d965ccfc6d4b" outcome="Passed" testListId="8c84fa94-04c1-424b-9868-57a2d4851a1d" relativeResultsDirectory="c72e04a5-49df-4040-ab8b-130c44ece303">
    </UnitTestResult>
  </Results>
</TestRun>