<?xml version="1.0" encoding="UTF-8"?>
<TestRun id="36021b85-f628-4d3b-ac7a-21dd9bb1c332" name="gustavobergamo@GUSTAVOBERG580A 2015-04-22 22:39:24" runUser="GUSTAVOBERG580A\gustavobergamo" xmlns="http://microsoft.com/schemas/VisualStudio/TeamTest/2010">
  <TestSettings name="Default Test Settings" id="7264d330-8d74-433a-9221-c720b0ad51df">
    <Execution>
      <TestTypeSpecific />
      <AgentRule name="Execution Agents">
      </AgentRule>
    </Execution>
    <Deployment runDeploymentRoot="gustavobergamo_GUSTAVOBERG580A 2015-04-22 22_39_24" />
    <Properties />
  </TestSettings>
  <Times creation="2015-04-22T22:39:24.7465000-03:00" queuing="2015-04-22T22:39:25.0897000-03:00" start="2015-04-22T22:39:25.2457000-03:00" finish="2015-04-22T22:39:25.7293000-03:00" />
  <ResultSummary outcome="Completed">
    <Counters total="6" executed="6" passed="6" error="0" failed="0" timeout="0" aborted="0" inconclusive="0" passedButRunAborted="0" notRunnable="0" notExecuted="0" disconnected="0" warning="0" completed="0" inProgress="0" pending="0" />
  </ResultSummary>
  <TestDefinitions>
    <UnitTest name="TimeOfDayMustBeMorningOrNight" storage="gfttest.test/bin/debug/gfttest.test.dll" id="16628bf6-4f47-35d9-4185-c41f488a5589">
      <Execution id="5b9a8a3b-0b4a-4abe-be27-53f1cdb64ba5" />
      <TestMethod codeBase="C:/Projects/GFTTest/GFTTest.Test/bin/Debug/GFTTest.Test.DLL" adapterTypeName="Microsoft.VisualStudio.TestTools.TestTypes.Unit.UnitTestAdapter, Microsoft.VisualStudio.QualityTools.Tips.UnitTest.Adapter, Version=12.0.0.0, Culture=neutral, PublicKeyToken=b03f5f7f11d50a3a" className="GFTTest.Test.UnitTest, GFTTest.Test, Version=1.0.0.0, Culture=neutral, PublicKeyToken=null" name="TimeOfDayMustBeMorningOrNight" />
    </UnitTest>
    <UnitTest name="TheDishesMustFollowTheCorrectOrder" storage="gfttest.test/bin/debug/gfttest.test.dll" id="383ebb29-de98-40fc-ecdd-21bc4a65b50e">
      <Execution id="ccc02da9-726d-4296-a9fe-9f06dd101c1b" />
      <TestMethod codeBase="C:/Projects/GFTTest/GFTTest.Test/bin/Debug/GFTTest.Test.DLL" adapterTypeName="Microsoft.VisualStudio.TestTools.TestTypes.Unit.UnitTestAdapter, Microsoft.VisualStudio.QualityTools.Tips.UnitTest.Adapter, Version=12.0.0.0, Culture=neutral, PublicKeyToken=b03f5f7f11d50a3a" className="GFTTest.Test.UnitTest, GFTTest.Test, Version=1.0.0.0, Culture=neutral, PublicKeyToken=null" name="TheDishesMustFollowTheCorrectOrder" />
    </UnitTest>
    <UnitTest name="TimeOfDayIsNotCaseSensitive" storage="gfttest.test/bin/debug/gfttest.test.dll" id="36663b77-4d12-0e48-ea10-f210041f563e">
      <Execution id="a3b5e6bd-ec67-42f6-a8da-2f7ba385b059" />
      <TestMethod codeBase="C:/Projects/GFTTest/GFTTest.Test/bin/Debug/GFTTest.Test.DLL" adapterTypeName="Microsoft.VisualStudio.TestTools.TestTypes.Unit.UnitTestAdapter, Microsoft.VisualStudio.QualityTools.Tips.UnitTest.Adapter, Version=12.0.0.0, Culture=neutral, PublicKeyToken=b03f5f7f11d50a3a" className="GFTTest.Test.UnitTest, GFTTest.Test, Version=1.0.0.0, Culture=neutral, PublicKeyToken=null" name="TimeOfDayIsNotCaseSensitive" />
    </UnitTest>
    <UnitTest name="WhenItsMorningAndOrderMultiplesEggsReturnError" storage="gfttest.test/bin/debug/gfttest.test.dll" id="90a5dc37-cc89-4131-f3f2-800e5f2a0605">
      <Execution id="40f963a7-a331-4f8c-a153-c325c4521fea" />
      <TestMethod codeBase="C:/Projects/GFTTest/GFTTest.Test/bin/Debug/GFTTest.Test.DLL" adapterTypeName="Microsoft.VisualStudio.TestTools.TestTypes.Unit.UnitTestAdapter, Microsoft.VisualStudio.QualityTools.Tips.UnitTest.Adapter, Version=12.0.0.0, Culture=neutral, PublicKeyToken=b03f5f7f11d50a3a" className="GFTTest.Test.UnitTest, GFTTest.Test, Version=1.0.0.0, Culture=neutral, PublicKeyToken=null" name="WhenItsMorningAndOrderMultiplesEggsReturnError" />
    </UnitTest>
    <UnitTest name="WhenItsNightAndOrderMultiplesPotatoesReturnSuccess" storage="gfttest.test/bin/debug/gfttest.test.dll" id="28dbcc69-5d90-6b4b-afcf-55106575c4dd">
      <Execution id="9ff377de-bc65-41a1-a4a3-0cf41e3da70b" />
      <TestMethod codeBase="C:/Projects/GFTTest/GFTTest.Test/bin/Debug/GFTTest.Test.DLL" adapterTypeName="Microsoft.VisualStudio.TestTools.TestTypes.Unit.UnitTestAdapter, Microsoft.VisualStudio.QualityTools.Tips.UnitTest.Adapter, Version=12.0.0.0, Culture=neutral, PublicKeyToken=b03f5f7f11d50a3a" className="GFTTest.Test.UnitTest, GFTTest.Test, Version=1.0.0.0, Culture=neutral, PublicKeyToken=null" name="WhenItsNightAndOrderMultiplesPotatoesReturnSuccess" />
    </UnitTest>
    <UnitTest name="WhenItsMorningAndInputDessertReturnError" storage="gfttest.test/bin/debug/gfttest.test.dll" id="01c881de-de5c-5f3c-a6cc-3d8f3e7033de">
      <Execution id="eb013a73-d953-4659-bc73-53881d1dc520" />
      <TestMethod codeBase="C:/Projects/GFTTest/GFTTest.Test/bin/Debug/GFTTest.Test.DLL" adapterTypeName="Microsoft.VisualStudio.TestTools.TestTypes.Unit.UnitTestAdapter, Microsoft.VisualStudio.QualityTools.Tips.UnitTest.Adapter, Version=12.0.0.0, Culture=neutral, PublicKeyToken=b03f5f7f11d50a3a" className="GFTTest.Test.UnitTest, GFTTest.Test, Version=1.0.0.0, Culture=neutral, PublicKeyToken=null" name="WhenItsMorningAndInputDessertReturnError" />
    </UnitTest>
  </TestDefinitions>
  <TestLists>
    <TestList name="Results Not in a List" id="8c84fa94-04c1-424b-9868-57a2d4851a1d" />
    <TestList name="All Loaded Results" id="19431567-8539-422a-85d7-44ee4e166bda" />
  </TestLists>
  <TestEntries>
    <TestEntry testId="383ebb29-de98-40fc-ecdd-21bc4a65b50e" executionId="ccc02da9-726d-4296-a9fe-9f06dd101c1b" testListId="8c84fa94-04c1-424b-9868-57a2d4851a1d" />
    <TestEntry testId="36663b77-4d12-0e48-ea10-f210041f563e" executionId="a3b5e6bd-ec67-42f6-a8da-2f7ba385b059" testListId="8c84fa94-04c1-424b-9868-57a2d4851a1d" />
    <TestEntry testId="16628bf6-4f47-35d9-4185-c41f488a5589" executionId="5b9a8a3b-0b4a-4abe-be27-53f1cdb64ba5" testListId="8c84fa94-04c1-424b-9868-57a2d4851a1d" />
    <TestEntry testId="01c881de-de5c-5f3c-a6cc-3d8f3e7033de" executionId="eb013a73-d953-4659-bc73-53881d1dc520" testListId="8c84fa94-04c1-424b-9868-57a2d4851a1d" />
    <TestEntry testId="90a5dc37-cc89-4131-f3f2-800e5f2a0605" executionId="40f963a7-a331-4f8c-a153-c325c4521fea" testListId="8c84fa94-04c1-424b-9868-57a2d4851a1d" />
    <TestEntry testId="28dbcc69-5d90-6b4b-afcf-55106575c4dd" executionId="9ff377de-bc65-41a1-a4a3-0cf41e3da70b" testListId="8c84fa94-04c1-424b-9868-57a2d4851a1d" />
  </TestEntries>
  <Results>
    <UnitTestResult executionId="ccc02da9-726d-4296-a9fe-9f06dd101c1b" testId="383ebb29-de98-40fc-ecdd-21bc4a65b50e" testName="TheDishesMustFollowTheCorrectOrder" computerName="GUSTAVOBERG580A" duration="00:00:00.0239395" startTime="2015-04-22T22:39:25.2769000-03:00" endTime="2015-04-22T22:39:25.6201000-03:00" testType="13cdc9d9-ddb5-4fa4-a97d-d965ccfc6d4b" outcome="Passed" testListId="8c84fa94-04c1-424b-9868-57a2d4851a1d" relativeResultsDirectory="ccc02da9-726d-4296-a9fe-9f06dd101c1b">
    </UnitTestResult>
    <UnitTestResult executionId="a3b5e6bd-ec67-42f6-a8da-2f7ba385b059" testId="36663b77-4d12-0e48-ea10-f210041f563e" testName="TimeOfDayIsNotCaseSensitive" computerName="GUSTAVOBERG580A" duration="00:00:00.0056117" startTime="2015-04-22T22:39:25.6201000-03:00" endTime="2015-04-22T22:39:25.6357000-03:00" testType="13cdc9d9-ddb5-4fa4-a97d-d965ccfc6d4b" outcome="Passed" testListId="8c84fa94-04c1-424b-9868-57a2d4851a1d" relativeResultsDirectory="a3b5e6bd-ec67-42f6-a8da-2f7ba385b059">
    </UnitTestResult>
    <UnitTestResult executionId="5b9a8a3b-0b4a-4abe-be27-53f1cdb64ba5" testId="16628bf6-4f47-35d9-4185-c41f488a5589" testName="TimeOfDayMustBeMorningOrNight" computerName="GUSTAVOBERG580A" duration="00:00:00.0050368" startTime="2015-04-22T22:39:25.6357000-03:00" endTime="2015-04-22T22:39:25.6513000-03:00" testType="13cdc9d9-ddb5-4fa4-a97d-d965ccfc6d4b" outcome="Passed" testListId="8c84fa94-04c1-424b-9868-57a2d4851a1d" relativeResultsDirectory="5b9a8a3b-0b4a-4abe-be27-53f1cdb64ba5">
    </UnitTestResult>
    <UnitTestResult executionId="eb013a73-d953-4659-bc73-53881d1dc520" testId="01c881de-de5c-5f3c-a6cc-3d8f3e7033de" testName="WhenItsMorningAndInputDessertReturnError" computerName="GUSTAVOBERG580A" duration="00:00:00.0003294" startTime="2015-04-22T22:39:25.6513000-03:00" endTime="2015-04-22T22:39:25.6669000-03:00" testType="13cdc9d9-ddb5-4fa4-a97d-d965ccfc6d4b" outcome="Passed" testListId="8c84fa94-04c1-424b-9868-57a2d4851a1d" relativeResultsDirectory="eb013a73-d953-4659-bc73-53881d1dc520">
    </UnitTestResult>
    <UnitTestResult executionId="40f963a7-a331-4f8c-a153-c325c4521fea" testId="90a5dc37-cc89-4131-f3f2-800e5f2a0605" testName="WhenItsMorningAndOrderMultiplesEggsReturnError" computerName="GUSTAVOBERG580A" duration="00:00:00.0004451" startTime="2015-04-22T22:39:25.6669000-03:00" endTime="2015-04-22T22:39:25.6669000-03:00" testType="13cdc9d9-ddb5-4fa4-a97d-d965ccfc6d4b" outcome="Passed" testListId="8c84fa94-04c1-424b-9868-57a2d4851a1d" relativeResultsDirectory="40f963a7-a331-4f8c-a153-c325c4521fea">
    </UnitTestResult>
    <UnitTestResult executionId="9ff377de-bc65-41a1-a4a3-0cf41e3da70b" testId="28dbcc69-5d90-6b4b-afcf-55106575c4dd" testName="WhenItsNightAndOrderMultiplesPotatoesReturnSuccess" computerName="GUSTAVOBERG580A" duration="00:00:00.0004018" startTime="2015-04-22T22:39:25.6669000-03:00" endTime="2015-04-22T22:39:25.6669000-03:00" testType="13cdc9d9-ddb5-4fa4-a97d-d965ccfc6d4b" outcome="Passed" testListId="8c84fa94-04c1-424b-9868-57a2d4851a1d" relativeResultsDirectory="9ff377de-bc65-41a1-a4a3-0cf41e3da70b">
    </UnitTestResult>
  </Results>
</TestRun>